[backblue.gif]
[fade.gif]
[index.html]
[maxcdn.bootstrapcdn.com/bootstrap/3.4.0/css/bootstrap.min.css]
[ajax.googleapis.com/ajax/libs/jquery/3.3.1/jquery.min.js]
[maxcdn.bootstrapcdn.com/bootstrap/3.4.0/js/bootstrap.min.js]
[internship.suvenconsultants.com/projects/ubereats/m1.jpg]
[internship.suvenconsultants.com/projects/ubereats/p1.png]
[internship.suvenconsultants.com/projects/ubereats/m3.png]
[internship.suvenconsultants.com/projects/ubereats/n1.png]
[internship.suvenconsultants.com/projects/ubereats/o2.png]
[internship.suvenconsultants.com/projects/ubereats/o3.png]
[internship.suvenconsultants.com/projects/ubereats/o1.png]
[internship.suvenconsultants.com/projects/ubereats/m2.png]
[internship.suvenconsultants.com/projects/ubereats/n3.jpg]
[internship.suvenconsultants.com/projects/ubereats/astore.png]
[internship.suvenconsultants.com/projects/ubereats/gplay.png]
[internship.suvenconsultants.com/projects/ubereats/boot.html]
[maxcdn.bootstrapcdn.com/bootstrap/3.4.0/css/bootstrap.min.css]
[use.fontawesome.com/releases/v5.7.0/css/all.css]
[ajax.googleapis.com/ajax/libs/jquery/1.9.1/jquery.min.js]
[code.jquery.com/ui/1.10.4/themes/ui-lightness/jquery-ui.css]
[code.jquery.com/ui/1.10.4/jquery-ui.js]
[internship.suvenconsultants.com/projects/ubereats/mn1.png]
[internship.suvenconsultants.com/projects/ubereats/main6.jpg]
[internship.suvenconsultants.com/projects/ubereats/main3.jpg]
[internship.suvenconsultants.com/projects/ubereats/step1.jpg]
[internship.suvenconsultants.com/projects/ubereats/step2.jpg]
[internship.suvenconsultants.com/projects/ubereats/step3.jpg]
[internship.suvenconsultants.com/projects/ubereats/index.html]
[internship.suvenconsultants.com/projects/ubereats/e1.png]
[internship.suvenconsultants.com/projects/ubereats/f1.png]
[internship.suvenconsultants.com/projects/ubereats/f3.png]
[internship.suvenconsultants.com/projects/ubereats/j2.png]
[internship.suvenconsultants.com/projects/ubereats/w1.png]
[internship.suvenconsultants.com/projects/ubereats/v2.png]
[internship.suvenconsultants.com/projects/ubereats/boot2.html]
[internship.suvenconsultants.com/projects/ubereats/h1.png]
[internship.suvenconsultants.com/projects/ubereats/h2.png]
[internship.suvenconsultants.com/projects/ubereats/h3.png]
[internship.suvenconsultants.com/projects/ubereats/as.png]
[internship.suvenconsultants.com/projects/ubereats/boot3.html]
[internship.suvenconsultants.com/projects/ubereats/t1.png]
[internship.suvenconsultants.com/projects/ubereats/u1.png]
[internship.suvenconsultants.com/projects/ubereats/t3.png]
[internship.suvenconsultants.com/projects/ubereats/v1.png]
[internship.suvenconsultants.com/projects/ubereats/boot1.html]
[maxcdn.bootstrapcdn.com/bootstrap/3.3.7/css/bootstrap.min.css]
[maxcdn.bootstrapcdn.com/bootstrap/3.3.7/js/bootstrap.min.js]
[internship.suvenconsultants.com/projects/ubereats/bloo.jpg]
[internship.suvenconsultants.com/projects/ubereats/demo.html]
[use.fontawesome.com/releases/v5.7.0/css/all.css]
[code.jquery.com/ui/1.10.4/themes/ui-lightness/images/animated-overlay.gif]
[code.jquery.com/ui/1.10.4/themes/ui-lightness/images/ui-bg_highlight-soft_100_eeeeee_1x100.png]
[code.jquery.com/ui/1.10.4/themes/ui-lightness/images/ui-bg_gloss-wave_35_f6a828_500x100.png]
[code.jquery.com/ui/1.10.4/themes/ui-lightness/images/ui-bg_glass_100_f6f6f6_1x400.png]
[code.jquery.com/ui/1.10.4/themes/ui-lightness/images/ui-bg_glass_100_fdf5ce_1x400.png]
[code.jquery.com/ui/1.10.4/themes/ui-lightness/images/ui-bg_glass_65_ffffff_1x400.png]
[code.jquery.com/ui/1.10.4/themes/ui-lightness/images/ui-bg_highlight-soft_75_ffe45c_1x100.png]
[code.jquery.com/ui/1.10.4/themes/ui-lightness/images/ui-bg_diagonals-thick_18_b81900_40x40.png]
[code.jquery.com/ui/1.10.4/themes/ui-lightness/images/ui-icons_222222_256x240.png]
[code.jquery.com/ui/1.10.4/themes/ui-lightness/images/ui-icons_ffffff_256x240.png]
[code.jquery.com/ui/1.10.4/themes/ui-lightness/images/ui-icons_ef8c08_256x240.png]
[code.jquery.com/ui/1.10.4/themes/ui-lightness/images/ui-icons_228ef1_256x240.png]
[code.jquery.com/ui/1.10.4/themes/ui-lightness/images/ui-icons_ffd27a_256x240.png]
[code.jquery.com/ui/1.10.4/themes/ui-lightness/images/ui-bg_diagonals-thick_20_666666_40x40.png]
[code.jquery.com/ui/1.10.4/themes/ui-lightness/images/ui-bg_flat_10_000000_40x100.png]
[code.jquery.com/ui/1.10.4/themes/ui-lightness/jquery-ui.css]
[maxcdn.bootstrapcdn.com/bootstrap/3.3.7/css/bootstrap.min.css]
[internship.suvenconsultants.com/projects/ubereats/demo2.html]
